<?xml version="1.0" encoding="UTF-8"?>
<!-- Generated by org.testng.reporters.JUnitXMLReporter -->
<testsuite hostname="dell-PC" ignored="0" name="Free CRM App Test Cases" tests="10" failures="0" timestamp="30 Aug 2019 13:16:40 GMT" time="194.576" errors="0">
  <testcase name="loginPageTitleTest" time="0.058" classname="com.crm.qa.testcases.LoginPageTest"/>
  <testcase name="HomePageTitleTest" time="0.01" classname="com.crm.qa.testcases.HomePageTest"/>
  <testcase name="verifyContactsPageLabel" time="0.072" classname="com.crm.qa.testcases.ContactsPageTest"/>
  <testcase name="crmLogoImageTest" time="0.095" classname="com.crm.qa.testcases.LoginPageTest"/>
  <testcase name="VerifyUserNameTest" time="0.111" classname="com.crm.qa.testcases.HomePageTest"/>
  <testcase name="validateCreateContact" time="5.804" classname="com.crm.qa.testcases.ContactsPageTest"/>
  <testcase name="validateCreateContact" time="4.576" classname="com.crm.qa.testcases.ContactsPageTest"/>
  <testcase name="validateCreateContact" time="4.864" classname="com.crm.qa.testcases.ContactsPageTest"/>
  <testcase name="loginTest" time="7.571" classname="com.crm.qa.testcases.LoginPageTest"/>
  <testcase name="verifyContactsLinkTest" time="1.505" classname="com.crm.qa.testcases.HomePageTest"/>
</testsuite> <!-- Free CRM App Test Cases -->
