<?xml version="1.0" encoding="UTF-8"?>
<!-- Generated by org.testng.reporters.JUnitXMLReporter -->
<testsuite hostname="dell-PC" ignored="0" name="Default test" tests="4" failures="0" timestamp="30 Aug 2019 12:58:28 GMT" time="138.507" errors="0">
  <testcase name="verifyContactsPageLabel" time="0.114" classname="com.crm.qa.testcases.ContactsPageTest"/>
  <testcase name="validateCreateContact" time="22.675" classname="com.crm.qa.testcases.ContactsPageTest"/>
  <testcase name="validateCreateContact" time="4.557" classname="com.crm.qa.testcases.ContactsPageTest"/>
  <testcase name="validateCreateContact" time="4.75" classname="com.crm.qa.testcases.ContactsPageTest"/>
</testsuite> <!-- Default test -->
